2018-07-16 19:46:39 [scrapy.utils.log] INFO: Scrapy 1.5.0 started (bot: TencentSpider)
2018-07-16 19:46:39 [scrapy.utils.log] INFO: Versions: lxml 4.2.1.0, libxml2 2.9.5, cssselect 1.0.3, parsel 1.4.0, w3lib 1.19.0, Twisted 18.4.0, Python 3.6.5 (v3.6.5:f59c0932b4, Mar 28 2018, 17:00:18) [MSC v.1900 64 bit (AMD64)], pyOpenSSL 18.0.0 (OpenSSL 1.1.0h  27 Mar 2018), cryptography 2.2.2, Platform Windows-7-6.1.7601-SP1
2018-07-16 19:46:39 [scrapy.crawler] INFO: Overridden settings: {'BOT_NAME': 'TencentSpider', 'LOG_FILE': 'namelog.log', 'LOG_LEVEL': 'INFO', 'NEWSPIDER_MODULE': 'TencentSpider.spiders', 'ROBOTSTXT_OBEY': True, 'SPIDER_MODULES': ['TencentSpider.spiders']}
2018-07-16 19:46:39 [scrapy.middleware] INFO: Enabled extensions:
['scrapy.extensions.corestats.CoreStats',
 'scrapy.extensions.telnet.TelnetConsole',
 'scrapy.extensions.logstats.LogStats']
2018-07-16 19:46:39 [scrapy.middleware] INFO: Enabled downloader middlewares:
['scrapy.downloadermiddlewares.robotstxt.RobotsTxtMiddleware',
 'scrapy.downloadermiddlewares.httpauth.HttpAuthMiddleware',
 'scrapy.downloadermiddlewares.downloadtimeout.DownloadTimeoutMiddleware',
 'scrapy.downloadermiddlewares.defaultheaders.DefaultHeadersMiddleware',
 'scrapy.downloadermiddlewares.useragent.UserAgentMiddleware',
 'scrapy.downloadermiddlewares.retry.RetryMiddleware',
 'scrapy.downloadermiddlewares.redirect.MetaRefreshMiddleware',
 'scrapy.downloadermiddlewares.httpcompression.HttpCompressionMiddleware',
 'scrapy.downloadermiddlewares.redirect.RedirectMiddleware',
 'scrapy.downloadermiddlewares.cookies.CookiesMiddleware',
 'scrapy.downloadermiddlewares.httpproxy.HttpProxyMiddleware',
 'scrapy.downloadermiddlewares.stats.DownloaderStats']
2018-07-16 19:46:39 [scrapy.middleware] INFO: Enabled spider middlewares:
['scrapy.spidermiddlewares.httperror.HttpErrorMiddleware',
 'scrapy.spidermiddlewares.offsite.OffsiteMiddleware',
 'scrapy.spidermiddlewares.referer.RefererMiddleware',
 'scrapy.spidermiddlewares.urllength.UrlLengthMiddleware',
 'scrapy.spidermiddlewares.depth.DepthMiddleware']
2018-07-16 19:46:39 [scrapy.middleware] INFO: Enabled item pipelines:
['TencentSpider.pipelines.TencentspiderPipeline']
2018-07-16 19:46:39 [scrapy.core.engine] INFO: Spider opened
2018-07-16 19:46:39 [scrapy.extensions.logstats] INFO: Crawled 0 pages (at 0 pages/min), scraped 0 items (at 0 items/min)
2018-07-16 19:46:44 [scrapy.core.engine] INFO: Closing spider (finished)
2018-07-16 19:46:44 [scrapy.statscollectors] INFO: Dumping Scrapy stats:
{'downloader/request_bytes': 1206,
 'downloader/request_count': 4,
 'downloader/request_method_count/GET': 4,
 'downloader/response_bytes': 4885,
 'downloader/response_count': 4,
 'downloader/response_status_count/200': 2,
 'downloader/response_status_count/301': 2,
 'finish_reason': 'finished',
 'finish_time': datetime.datetime(2018, 7, 16, 11, 46, 44, 351072),
 'log_count/INFO': 7,
 'response_received_count': 2,
 'scheduler/dequeued': 2,
 'scheduler/dequeued/memory': 2,
 'scheduler/enqueued': 2,
 'scheduler/enqueued/memory': 2,
 'start_time': datetime.datetime(2018, 7, 16, 11, 46, 39, 796811)}
2018-07-16 19:46:44 [scrapy.core.engine] INFO: Spider closed (finished)
2018-07-17 19:35:39 [scrapy.utils.log] INFO: Scrapy 1.5.0 started (bot: TencentSpider)
2018-07-17 19:35:39 [scrapy.utils.log] INFO: Versions: lxml 4.2.1.0, libxml2 2.9.5, cssselect 1.0.3, parsel 1.4.0, w3lib 1.19.0, Twisted 18.4.0, Python 3.6.5 (v3.6.5:f59c0932b4, Mar 28 2018, 17:00:18) [MSC v.1900 64 bit (AMD64)], pyOpenSSL 18.0.0 (OpenSSL 1.1.0h  27 Mar 2018), cryptography 2.2.2, Platform Windows-7-6.1.7601-SP1
2018-07-17 19:35:39 [scrapy.crawler] INFO: Overridden settings: {'BOT_NAME': 'TencentSpider', 'LOG_FILE': 'namelog.log', 'NEWSPIDER_MODULE': 'TencentSpider.spiders', 'SPIDER_MODULES': ['TencentSpider.spiders']}
2018-07-17 19:35:39 [scrapy.middleware] INFO: Enabled extensions:
['scrapy.extensions.corestats.CoreStats',
 'scrapy.extensions.telnet.TelnetConsole',
 'scrapy.extensions.logstats.LogStats']
2018-07-17 19:35:45 [scrapy.middleware] INFO: Enabled downloader middlewares:
['scrapy.downloadermiddlewares.httpauth.HttpAuthMiddleware',
 'scrapy.downloadermiddlewares.downloadtimeout.DownloadTimeoutMiddleware',
 'scrapy.downloadermiddlewares.defaultheaders.DefaultHeadersMiddleware',
 'scrapy.downloadermiddlewares.useragent.UserAgentMiddleware',
 'scrapy.downloadermiddlewares.retry.RetryMiddleware',
 'scrapy.downloadermiddlewares.redirect.MetaRefreshMiddleware',
 'scrapy.downloadermiddlewares.httpcompression.HttpCompressionMiddleware',
 'scrapy.downloadermiddlewares.redirect.RedirectMiddleware',
 'scrapy.downloadermiddlewares.cookies.CookiesMiddleware',
 'scrapy.downloadermiddlewares.httpproxy.HttpProxyMiddleware',
 'scrapy.downloadermiddlewares.stats.DownloaderStats']
2018-07-17 19:35:45 [scrapy.middleware] INFO: Enabled spider middlewares:
['scrapy.spidermiddlewares.httperror.HttpErrorMiddleware',
 'scrapy.spidermiddlewares.offsite.OffsiteMiddleware',
 'scrapy.spidermiddlewares.referer.RefererMiddleware',
 'scrapy.spidermiddlewares.urllength.UrlLengthMiddleware',
 'scrapy.spidermiddlewares.depth.DepthMiddleware']
2018-07-17 19:35:45 [scrapy.middleware] INFO: Enabled item pipelines:
['TencentSpider.pipelines.TencentspiderPipeline']
2018-07-17 19:35:45 [scrapy.core.engine] INFO: Spider opened
2018-07-17 19:35:45 [scrapy.extensions.logstats] INFO: Crawled 0 pages (at 0 pages/min), scraped 0 items (at 0 items/min)
2018-07-17 19:35:45 [scrapy.extensions.telnet] DEBUG: Telnet console listening on 127.0.0.1:6023
2018-07-17 19:35:45 [scrapy.downloadermiddlewares.redirect] DEBUG: Redirecting (301) to <GET https://hr.tencent.com/position.php?&start=0> from <GET http://hr.tencent.com/position.php?&start=0#a>
2018-07-17 19:35:46 [scrapy.core.engine] DEBUG: Crawled (200) <GET https://hr.tencent.com/position.php?&start=0> (referer: None)
2018-07-17 19:35:47 [scrapy.core.engine] INFO: Closing spider (finished)
2018-07-17 19:35:47 [scrapy.statscollectors] INFO: Dumping Scrapy stats:
{'downloader/request_bytes': 908,
 'downloader/request_count': 2,
 'downloader/request_method_count/GET': 2,
 'downloader/response_bytes': 4509,
 'downloader/response_count': 2,
 'downloader/response_status_count/200': 1,
 'downloader/response_status_count/301': 1,
 'finish_reason': 'finished',
 'finish_time': datetime.datetime(2018, 7, 17, 11, 35, 47, 23322),
 'log_count/DEBUG': 3,
 'log_count/INFO': 7,
 'response_received_count': 1,
 'scheduler/dequeued': 2,
 'scheduler/dequeued/memory': 2,
 'scheduler/enqueued': 2,
 'scheduler/enqueued/memory': 2,
 'start_time': datetime.datetime(2018, 7, 17, 11, 35, 45, 671245)}
2018-07-17 19:35:47 [scrapy.core.engine] INFO: Spider closed (finished)
